{"/Users/cesar/ass/deBijenkorf-reservations-app/client/src/components/ReservationDetails/ReservationDetails.jsx": {"path":"/Users/cesar/ass/deBijenkorf-reservations-app/client/src/components/ReservationDetails/ReservationDetails.jsx","statementMap":{"0":{"start":{"line":14,"column":27},"end":{"line":67,"column":1}},"1":{"start":{"line":21,"column":28},"end":{"line":21,"column":43}},"2":{"start":{"line":23,"column":22},"end":{"line":25,"column":3}},"3":{"start":{"line":24,"column":4},"end":{"line":24,"column":43}},"4":{"start":{"line":26,"column":27},"end":{"line":28,"column":3}},"5":{"start":{"line":27,"column":4},"end":{"line":27,"column":19}},"6":{"start":{"line":29,"column":27},"end":{"line":31,"column":3}},"7":{"start":{"line":30,"column":4},"end":{"line":30,"column":20}},"8":{"start":{"line":33,"column":2},"end":{"line":66,"column":4}},"9":{"start":{"line":57,"column":12},"end":{"line":57,"column":32}},"10":{"start":{"line":58,"column":12},"end":{"line":58,"column":48}},"11":{"start":{"line":72,"column":0},"end":{"line":78,"column":2}}},"fnMap":{"0":{"name":"(anonymous_0)","decl":{"start":{"line":14,"column":27},"end":{"line":14,"column":28}},"loc":{"start":{"line":20,"column":6},"end":{"line":67,"column":1}},"line":20},"1":{"name":"(anonymous_1)","decl":{"start":{"line":23,"column":22},"end":{"line":23,"column":23}},"loc":{"start":{"line":23,"column":28},"end":{"line":25,"column":3}},"line":23},"2":{"name":"(anonymous_2)","decl":{"start":{"line":26,"column":27},"end":{"line":26,"column":28}},"loc":{"start":{"line":26,"column":33},"end":{"line":28,"column":3}},"line":26},"3":{"name":"(anonymous_3)","decl":{"start":{"line":29,"column":27},"end":{"line":29,"column":28}},"loc":{"start":{"line":29,"column":33},"end":{"line":31,"column":3}},"line":29},"4":{"name":"(anonymous_4)","decl":{"start":{"line":56,"column":19},"end":{"line":56,"column":20}},"loc":{"start":{"line":56,"column":26},"end":{"line":59,"column":11}},"line":56}},"branchMap":{"0":{"loc":{"start":{"line":35,"column":58},"end":{"line":35,"column":97}},"type":"binary-expr","locations":[{"start":{"line":35,"column":58},"end":{"line":35,"column":63}},{"start":{"line":35,"column":67},"end":{"line":35,"column":97}}],"line":35}},"s":{"0":2,"1":1,"2":1,"3":0,"4":1,"5":0,"6":1,"7":0,"8":1,"9":0,"10":0,"11":2},"f":{"0":1,"1":0,"2":0,"3":0,"4":0},"b":{"0":[1,0]},"_coverageSchema":"1a1c01bbd47fc00a2c39e90264f33305004495a9","hash":"37dbe57ced844d6380fc68b79824b7320f1ed30e"}
,"/Users/cesar/ass/deBijenkorf-reservations-app/client/src/components/ReservationDetails/index.js": {"path":"/Users/cesar/ass/deBijenkorf-reservations-app/client/src/components/ReservationDetails/index.js","statementMap":{},"fnMap":{},"branchMap":{},"s":{},"f":{},"b":{},"_coverageSchema":"1a1c01bbd47fc00a2c39e90264f33305004495a9","hash":"65b8e5e5f28464789f190eef450019127b142f4f"}
,"/Users/cesar/ass/deBijenkorf-reservations-app/client/src/components/ReservationsList/ReservationsList.jsx": {"path":"/Users/cesar/ass/deBijenkorf-reservations-app/client/src/components/ReservationsList/ReservationsList.jsx","statementMap":{"0":{"start":{"line":11,"column":25},"end":{"line":44,"column":1}},"1":{"start":{"line":19,"column":2},"end":{"line":21,"column":3}},"2":{"start":{"line":20,"column":4},"end":{"line":20,"column":37}},"3":{"start":{"line":23,"column":27},"end":{"line":23,"column":62}},"4":{"start":{"line":25,"column":2},"end":{"line":43,"column":4}},"5":{"start":{"line":30,"column":10},"end":{"line":39,"column":16}},"6":{"start":{"line":49,"column":0},"end":{"line":56,"column":2}}},"fnMap":{"0":{"name":"(anonymous_0)","decl":{"start":{"line":11,"column":25},"end":{"line":11,"column":26}},"loc":{"start":{"line":18,"column":6},"end":{"line":44,"column":1}},"line":18},"1":{"name":"(anonymous_1)","decl":{"start":{"line":29,"column":45},"end":{"line":29,"column":46}},"loc":{"start":{"line":30,"column":10},"end":{"line":39,"column":16}},"line":30}},"branchMap":{"0":{"loc":{"start":{"line":19,"column":2},"end":{"line":21,"column":3}},"type":"if","locations":[{"start":{"line":19,"column":2},"end":{"line":21,"column":3}},{"start":{},"end":{}}],"line":19},"1":{"loc":{"start":{"line":27,"column":7},"end":{"line":40,"column":10}},"type":"cond-expr","locations":[{"start":{"line":28,"column":10},"end":{"line":28,"column":76}},{"start":{"line":29,"column":10},"end":{"line":40,"column":10}}],"line":27}},"s":{"0":1,"1":1,"2":0,"3":1,"4":1,"5":3,"6":1},"f":{"0":1,"1":3},"b":{"0":[0,1],"1":[0,1]},"_coverageSchema":"1a1c01bbd47fc00a2c39e90264f33305004495a9","hash":"36e0de975faef105af774176c17674000b4705db"}
,"/Users/cesar/ass/deBijenkorf-reservations-app/client/src/components/UpsertReservationForm/UpsertReservationForm.jsx": {"path":"/Users/cesar/ass/deBijenkorf-reservations-app/client/src/components/UpsertReservationForm/UpsertReservationForm.jsx","statementMap":{"0":{"start":{"line":16,"column":30},"end":{"line":120,"column":1}},"1":{"start":{"line":25,"column":26},"end":{"line":25,"column":67}},"2":{"start":{"line":26,"column":36},"end":{"line":26,"column":97}},"3":{"start":{"line":27,"column":38},"end":{"line":27,"column":102}},"4":{"start":{"line":28,"column":26},"end":{"line":28,"column":105}},"5":{"start":{"line":30,"column":14},"end":{"line":30,"column":26}},"6":{"start":{"line":32,"column":23},"end":{"line":32,"column":47}},"7":{"start":{"line":33,"column":22},"end":{"line":33,"column":77}},"8":{"start":{"line":33,"column":65},"end":{"line":33,"column":76}},"9":{"start":{"line":35,"column":23},"end":{"line":73,"column":3}},"10":{"start":{"line":36,"column":4},"end":{"line":36,"column":23}},"11":{"start":{"line":38,"column":4},"end":{"line":72,"column":5}},"12":{"start":{"line":39,"column":6},"end":{"line":39,"column":32}},"13":{"start":{"line":40,"column":11},"end":{"line":72,"column":5}},"14":{"start":{"line":41,"column":28},"end":{"line":41,"column":94}},"15":{"start":{"line":41,"column":69},"end":{"line":41,"column":93}},"16":{"start":{"line":42,"column":29},"end":{"line":42,"column":100}},"17":{"start":{"line":42,"column":73},"end":{"line":42,"column":99}},"18":{"start":{"line":43,"column":6},"end":{"line":69,"column":7}},"19":{"start":{"line":44,"column":36},"end":{"line":50,"column":9}},"20":{"start":{"line":54,"column":8},"end":{"line":61,"column":9}},"21":{"start":{"line":60,"column":10},"end":{"line":60,"column":34}},"22":{"start":{"line":63,"column":8},"end":{"line":68,"column":9}},"23":{"start":{"line":64,"column":10},"end":{"line":64,"column":53}},"24":{"start":{"line":65,"column":10},"end":{"line":65,"column":29}},"25":{"start":{"line":67,"column":10},"end":{"line":67,"column":20}},"26":{"start":{"line":71,"column":6},"end":{"line":71,"column":81}},"27":{"start":{"line":75,"column":2},"end":{"line":119,"column":4}},"28":{"start":{"line":115,"column":31},"end":{"line":115,"column":47}},"29":{"start":{"line":125,"column":0},"end":{"line":132,"column":2}}},"fnMap":{"0":{"name":"(anonymous_0)","decl":{"start":{"line":16,"column":30},"end":{"line":16,"column":31}},"loc":{"start":{"line":24,"column":6},"end":{"line":120,"column":1}},"line":24},"1":{"name":"(anonymous_1)","decl":{"start":{"line":33,"column":53},"end":{"line":33,"column":54}},"loc":{"start":{"line":33,"column":65},"end":{"line":33,"column":76}},"line":33},"2":{"name":"(anonymous_2)","decl":{"start":{"line":35,"column":23},"end":{"line":35,"column":24}},"loc":{"start":{"line":35,"column":30},"end":{"line":73,"column":3}},"line":35},"3":{"name":"(anonymous_3)","decl":{"start":{"line":41,"column":58},"end":{"line":41,"column":59}},"loc":{"start":{"line":41,"column":69},"end":{"line":41,"column":93}},"line":41},"4":{"name":"(anonymous_4)","decl":{"start":{"line":42,"column":61},"end":{"line":42,"column":62}},"loc":{"start":{"line":42,"column":73},"end":{"line":42,"column":99}},"line":42},"5":{"name":"(anonymous_5)","decl":{"start":{"line":115,"column":18},"end":{"line":115,"column":19}},"loc":{"start":{"line":115,"column":31},"end":{"line":115,"column":47}},"line":115}},"branchMap":{"0":{"loc":{"start":{"line":25,"column":35},"end":{"line":25,"column":66}},"type":"binary-expr","locations":[{"start":{"line":25,"column":35},"end":{"line":25,"column":60}},{"start":{"line":25,"column":64},"end":{"line":25,"column":66}}],"line":25},"1":{"loc":{"start":{"line":26,"column":45},"end":{"line":26,"column":96}},"type":"binary-expr","locations":[{"start":{"line":26,"column":45},"end":{"line":26,"column":90}},{"start":{"line":26,"column":94},"end":{"line":26,"column":96}}],"line":26},"2":{"loc":{"start":{"line":27,"column":47},"end":{"line":27,"column":101}},"type":"binary-expr","locations":[{"start":{"line":27,"column":47},"end":{"line":27,"column":95}},{"start":{"line":27,"column":99},"end":{"line":27,"column":101}}],"line":27},"3":{"loc":{"start":{"line":28,"column":35},"end":{"line":28,"column":104}},"type":"cond-expr","locations":[{"start":{"line":28,"column":63},"end":{"line":28,"column":97}},{"start":{"line":28,"column":100},"end":{"line":28,"column":104}}],"line":28},"4":{"loc":{"start":{"line":38,"column":4},"end":{"line":72,"column":5}},"type":"if","locations":[{"start":{"line":38,"column":4},"end":{"line":72,"column":5}},{"start":{"line":40,"column":11},"end":{"line":72,"column":5}}],"line":38},"5":{"loc":{"start":{"line":40,"column":11},"end":{"line":72,"column":5}},"type":"if","locations":[{"start":{"line":40,"column":11},"end":{"line":72,"column":5}},{"start":{"line":70,"column":11},"end":{"line":72,"column":5}}],"line":40},"6":{"loc":{"start":{"line":40,"column":15},"end":{"line":40,"column":46}},"type":"binary-expr","locations":[{"start":{"line":40,"column":15},"end":{"line":40,"column":19}},{"start":{"line":40,"column":23},"end":{"line":40,"column":32}},{"start":{"line":40,"column":36},"end":{"line":40,"column":46}}],"line":40},"7":{"loc":{"start":{"line":43,"column":6},"end":{"line":69,"column":7}},"type":"if","locations":[{"start":{"line":43,"column":6},"end":{"line":69,"column":7}},{"start":{},"end":{}}],"line":43},"8":{"loc":{"start":{"line":43,"column":10},"end":{"line":43,"column":41}},"type":"binary-expr","locations":[{"start":{"line":43,"column":10},"end":{"line":43,"column":23}},{"start":{"line":43,"column":27},"end":{"line":43,"column":41}}],"line":43},"9":{"loc":{"start":{"line":54,"column":8},"end":{"line":61,"column":9}},"type":"if","locations":[{"start":{"line":54,"column":8},"end":{"line":61,"column":9}},{"start":{},"end":{}}],"line":54},"10":{"loc":{"start":{"line":54,"column":12},"end":{"line":58,"column":70}},"type":"binary-expr","locations":[{"start":{"line":54,"column":12},"end":{"line":54,"column":31}},{"start":{"line":55,"column":13},"end":{"line":55,"column":45}},{"start":{"line":56,"column":13},"end":{"line":56,"column":62}},{"start":{"line":57,"column":13},"end":{"line":57,"column":64}},{"start":{"line":58,"column":13},"end":{"line":58,"column":70}}],"line":54},"11":{"loc":{"start":{"line":63,"column":8},"end":{"line":68,"column":9}},"type":"if","locations":[{"start":{"line":63,"column":8},"end":{"line":68,"column":9}},{"start":{"line":66,"column":15},"end":{"line":68,"column":9}}],"line":63}},"s":{"0":1,"1":2,"2":2,"3":2,"4":2,"5":2,"6":2,"7":2,"8":6,"9":2,"10":0,"11":0,"12":0,"13":0,"14":0,"15":0,"16":0,"17":0,"18":0,"19":0,"20":0,"21":0,"22":0,"23":0,"24":0,"25":0,"26":0,"27":2,"28":0,"29":1},"f":{"0":2,"1":6,"2":0,"3":0,"4":0,"5":0},"b":{"0":[2,1],"1":[2,1],"2":[2,1],"3":[1,1],"4":[0,0],"5":[0,0],"6":[0,0,0],"7":[0,0],"8":[0,0],"9":[0,0],"10":[0,0,0,0,0],"11":[0,0]},"_coverageSchema":"1a1c01bbd47fc00a2c39e90264f33305004495a9","hash":"39d8813d698a2e92d93812fc3e61a95fc5850f09"}
,"/Users/cesar/ass/deBijenkorf-reservations-app/client/src/components/misc/Button.jsx": {"path":"/Users/cesar/ass/deBijenkorf-reservations-app/client/src/components/misc/Button.jsx","statementMap":{"0":{"start":{"line":7,"column":15},"end":{"line":80,"column":1}},"1":{"start":{"line":16,"column":28},"end":{"line":16,"column":43}},"2":{"start":{"line":18,"column":22},"end":{"line":22,"column":3}},"3":{"start":{"line":19,"column":4},"end":{"line":21,"column":5}},"4":{"start":{"line":20,"column":6},"end":{"line":20,"column":17}},"5":{"start":{"line":23,"column":27},"end":{"line":27,"column":3}},"6":{"start":{"line":24,"column":4},"end":{"line":26,"column":5}},"7":{"start":{"line":25,"column":6},"end":{"line":25,"column":21}},"8":{"start":{"line":28,"column":27},"end":{"line":32,"column":3}},"9":{"start":{"line":29,"column":4},"end":{"line":31,"column":5}},"10":{"start":{"line":30,"column":6},"end":{"line":30,"column":22}},"11":{"start":{"line":34,"column":31},"end":{"line":39,"column":3}},"12":{"start":{"line":41,"column":2},"end":{"line":79,"column":4}},"13":{"start":{"line":85,"column":0},"end":{"line":93,"column":2}},"14":{"start":{"line":95,"column":0},"end":{"line":103,"column":2}}},"fnMap":{"0":{"name":"(anonymous_0)","decl":{"start":{"line":7,"column":15},"end":{"line":7,"column":16}},"loc":{"start":{"line":15,"column":6},"end":{"line":80,"column":1}},"line":15},"1":{"name":"(anonymous_1)","decl":{"start":{"line":18,"column":22},"end":{"line":18,"column":23}},"loc":{"start":{"line":18,"column":29},"end":{"line":22,"column":3}},"line":18},"2":{"name":"(anonymous_2)","decl":{"start":{"line":23,"column":27},"end":{"line":23,"column":28}},"loc":{"start":{"line":23,"column":33},"end":{"line":27,"column":3}},"line":23},"3":{"name":"(anonymous_3)","decl":{"start":{"line":28,"column":27},"end":{"line":28,"column":28}},"loc":{"start":{"line":28,"column":33},"end":{"line":32,"column":3}},"line":28},"4":{"name":"(anonymous_4)","decl":{"start":{"line":96,"column":11},"end":{"line":96,"column":12}},"loc":{"start":{"line":96,"column":17},"end":{"line":96,"column":20}},"line":96}},"branchMap":{"0":{"loc":{"start":{"line":19,"column":4},"end":{"line":21,"column":5}},"type":"if","locations":[{"start":{"line":19,"column":4},"end":{"line":21,"column":5}},{"start":{},"end":{}}],"line":19},"1":{"loc":{"start":{"line":24,"column":4},"end":{"line":26,"column":5}},"type":"if","locations":[{"start":{"line":24,"column":4},"end":{"line":26,"column":5}},{"start":{},"end":{}}],"line":24},"2":{"loc":{"start":{"line":29,"column":4},"end":{"line":31,"column":5}},"type":"if","locations":[{"start":{"line":29,"column":4},"end":{"line":31,"column":5}},{"start":{},"end":{}}],"line":29},"3":{"loc":{"start":{"line":35,"column":20},"end":{"line":35,"column":34}},"type":"binary-expr","locations":[{"start":{"line":35,"column":20},"end":{"line":35,"column":25}},{"start":{"line":35,"column":29},"end":{"line":35,"column":34}}],"line":35},"4":{"loc":{"start":{"line":36,"column":20},"end":{"line":36,"column":34}},"type":"binary-expr","locations":[{"start":{"line":36,"column":20},"end":{"line":36,"column":26}},{"start":{"line":36,"column":30},"end":{"line":36,"column":34}}],"line":36},"5":{"loc":{"start":{"line":37,"column":30},"end":{"line":37,"column":43}},"type":"binary-expr","locations":[{"start":{"line":37,"column":30},"end":{"line":37,"column":35}},{"start":{"line":37,"column":39},"end":{"line":37,"column":43}}],"line":37},"6":{"loc":{"start":{"line":54,"column":10},"end":{"line":54,"column":51}},"type":"binary-expr","locations":[{"start":{"line":54,"column":10},"end":{"line":54,"column":15}},{"start":{"line":54,"column":19},"end":{"line":54,"column":24}},{"start":{"line":54,"column":28},"end":{"line":54,"column":51}}],"line":54},"7":{"loc":{"start":{"line":58,"column":9},"end":{"line":65,"column":16}},"type":"cond-expr","locations":[{"start":{"line":59,"column":12},"end":{"line":64,"column":12}},{"start":{"line":65,"column":12},"end":{"line":65,"column":16}}],"line":58},"8":{"loc":{"start":{"line":70,"column":12},"end":{"line":70,"column":63}},"type":"binary-expr","locations":[{"start":{"line":70,"column":12},"end":{"line":70,"column":28}},{"start":{"line":70,"column":32},"end":{"line":70,"column":63}}],"line":70},"9":{"loc":{"start":{"line":73,"column":16},"end":{"line":73,"column":46}},"type":"cond-expr","locations":[{"start":{"line":73,"column":27},"end":{"line":73,"column":35}},{"start":{"line":73,"column":38},"end":{"line":73,"column":46}}],"line":73},"10":{"loc":{"start":{"line":74,"column":16},"end":{"line":74,"column":48}},"type":"cond-expr","locations":[{"start":{"line":74,"column":37},"end":{"line":74,"column":43}},{"start":{"line":74,"column":46},"end":{"line":74,"column":48}}],"line":74},"11":{"loc":{"start":{"line":74,"column":16},"end":{"line":74,"column":34}},"type":"binary-expr","locations":[{"start":{"line":74,"column":16},"end":{"line":74,"column":24}},{"start":{"line":74,"column":28},"end":{"line":74,"column":34}}],"line":74}},"s":{"0":5,"1":2,"2":2,"3":0,"4":0,"5":2,"6":0,"7":0,"8":2,"9":0,"10":0,"11":2,"12":2,"13":5,"14":5},"f":{"0":2,"1":0,"2":0,"3":0,"4":0},"b":{"0":[0,0],"1":[0,0],"2":[0,0],"3":[2,0],"4":[2,2],"5":[2,0],"6":[2,1,0],"7":[1,1],"8":[2,1],"9":[1,1],"10":[1,1],"11":[2,1]},"_coverageSchema":"1a1c01bbd47fc00a2c39e90264f33305004495a9","hash":"34425ce8ca39edc66cbac923534fb5eb16f24fff"}
,"/Users/cesar/ass/deBijenkorf-reservations-app/client/src/components/misc/DatePicker.jsx": {"path":"/Users/cesar/ass/deBijenkorf-reservations-app/client/src/components/misc/DatePicker.jsx","statementMap":{"0":{"start":{"line":8,"column":19},"end":{"line":29,"column":2}},"1":{"start":{"line":16,"column":2},"end":{"line":28,"column":10}},"2":{"start":{"line":34,"column":0},"end":{"line":41,"column":2}},"3":{"start":{"line":43,"column":0},"end":{"line":48,"column":2}},"4":{"start":{"line":50,"column":0},"end":{"line":50,"column":38}}},"fnMap":{"0":{"name":"(anonymous_0)","decl":{"start":{"line":8,"column":30},"end":{"line":8,"column":31}},"loc":{"start":{"line":16,"column":2},"end":{"line":28,"column":10}},"line":16},"1":{"name":"(anonymous_1)","decl":{"start":{"line":47,"column":14},"end":{"line":47,"column":15}},"loc":{"start":{"line":47,"column":20},"end":{"line":47,"column":23}},"line":47}},"branchMap":{"0":{"loc":{"start":{"line":17,"column":10},"end":{"line":17,"column":71}},"type":"cond-expr","locations":[{"start":{"line":17,"column":18},"end":{"line":17,"column":59}},{"start":{"line":17,"column":62},"end":{"line":17,"column":71}}],"line":17},"1":{"loc":{"start":{"line":17,"column":29},"end":{"line":17,"column":57}},"type":"cond-expr","locations":[{"start":{"line":17,"column":49},"end":{"line":17,"column":52}},{"start":{"line":17,"column":55},"end":{"line":17,"column":57}}],"line":17},"2":{"loc":{"start":{"line":17,"column":29},"end":{"line":17,"column":46}},"type":"binary-expr","locations":[{"start":{"line":17,"column":29},"end":{"line":17,"column":34}},{"start":{"line":17,"column":38},"end":{"line":17,"column":46}}],"line":17}},"s":{"0":2,"1":2,"2":2,"3":2,"4":2},"f":{"0":2,"1":0},"b":{"0":[2,0],"1":[1,1],"2":[2,2]},"_coverageSchema":"1a1c01bbd47fc00a2c39e90264f33305004495a9","hash":"4839a49c71a8f6745b69eaf7e23f8ec6b62b4da7"}
,"/Users/cesar/ass/deBijenkorf-reservations-app/client/src/components/misc/Dialog.jsx": {"path":"/Users/cesar/ass/deBijenkorf-reservations-app/client/src/components/misc/Dialog.jsx","statementMap":{"0":{"start":{"line":12,"column":15},"end":{"line":81,"column":1}},"1":{"start":{"line":21,"column":2},"end":{"line":21,"column":27}},"2":{"start":{"line":21,"column":15},"end":{"line":21,"column":27}},"3":{"start":{"line":23,"column":24},"end":{"line":26,"column":3}},"4":{"start":{"line":24,"column":4},"end":{"line":24,"column":23}},"5":{"start":{"line":25,"column":4},"end":{"line":25,"column":14}},"6":{"start":{"line":29,"column":19},"end":{"line":29,"column":27}},"7":{"start":{"line":30,"column":2},"end":{"line":34,"column":14}},"8":{"start":{"line":31,"column":4},"end":{"line":33,"column":5}},"9":{"start":{"line":32,"column":6},"end":{"line":32,"column":31}},"10":{"start":{"line":35,"column":24},"end":{"line":39,"column":3}},"11":{"start":{"line":36,"column":4},"end":{"line":38,"column":5}},"12":{"start":{"line":37,"column":6},"end":{"line":37,"column":16}},"13":{"start":{"line":41,"column":2},"end":{"line":80,"column":4}},"14":{"start":{"line":51,"column":24},"end":{"line":51,"column":43}},"15":{"start":{"line":71,"column":31},"end":{"line":71,"column":40}},"16":{"start":{"line":86,"column":0},"end":{"line":94,"column":2}},"17":{"start":{"line":96,"column":0},"end":{"line":99,"column":2}}},"fnMap":{"0":{"name":"(anonymous_0)","decl":{"start":{"line":12,"column":15},"end":{"line":12,"column":16}},"loc":{"start":{"line":20,"column":6},"end":{"line":81,"column":1}},"line":20},"1":{"name":"(anonymous_1)","decl":{"start":{"line":23,"column":24},"end":{"line":23,"column":25}},"loc":{"start":{"line":23,"column":37},"end":{"line":26,"column":3}},"line":23},"2":{"name":"(anonymous_2)","decl":{"start":{"line":30,"column":12},"end":{"line":30,"column":13}},"loc":{"start":{"line":30,"column":16},"end":{"line":34,"column":3}},"line":30},"3":{"name":"(anonymous_3)","decl":{"start":{"line":35,"column":24},"end":{"line":35,"column":25}},"loc":{"start":{"line":35,"column":31},"end":{"line":39,"column":3}},"line":35},"4":{"name":"(anonymous_4)","decl":{"start":{"line":51,"column":17},"end":{"line":51,"column":18}},"loc":{"start":{"line":51,"column":24},"end":{"line":51,"column":43}},"line":51},"5":{"name":"(anonymous_5)","decl":{"start":{"line":71,"column":23},"end":{"line":71,"column":24}},"loc":{"start":{"line":71,"column":29},"end":{"line":71,"column":42}},"line":71}},"branchMap":{"0":{"loc":{"start":{"line":21,"column":2},"end":{"line":21,"column":27}},"type":"if","locations":[{"start":{"line":21,"column":2},"end":{"line":21,"column":27}},{"start":{},"end":{}}],"line":21},"1":{"loc":{"start":{"line":31,"column":4},"end":{"line":33,"column":5}},"type":"if","locations":[{"start":{"line":31,"column":4},"end":{"line":33,"column":5}},{"start":{},"end":{}}],"line":31},"2":{"loc":{"start":{"line":31,"column":8},"end":{"line":31,"column":34}},"type":"binary-expr","locations":[{"start":{"line":31,"column":8},"end":{"line":31,"column":14}},{"start":{"line":31,"column":18},"end":{"line":31,"column":34}}],"line":31},"3":{"loc":{"start":{"line":36,"column":4},"end":{"line":38,"column":5}},"type":"if","locations":[{"start":{"line":36,"column":4},"end":{"line":38,"column":5}},{"start":{},"end":{}}],"line":36},"4":{"loc":{"start":{"line":50,"column":43},"end":{"line":50,"column":72}},"type":"binary-expr","locations":[{"start":{"line":50,"column":43},"end":{"line":50,"column":49}},{"start":{"line":50,"column":53},"end":{"line":50,"column":72}}],"line":50}},"s":{"0":1,"1":2,"2":0,"3":2,"4":0,"5":0,"6":2,"7":2,"8":0,"9":0,"10":2,"11":0,"12":0,"13":2,"14":0,"15":0,"16":1,"17":1},"f":{"0":2,"1":0,"2":0,"3":0,"4":0,"5":0},"b":{"0":[0,2],"1":[0,0],"2":[0,0],"3":[0,0],"4":[2,2]},"_coverageSchema":"1a1c01bbd47fc00a2c39e90264f33305004495a9","hash":"5ecf0fe7d246ceb25d4224d3dbfbd33df0b1f469"}
,"/Users/cesar/ass/deBijenkorf-reservations-app/client/src/components/misc/Drawer.jsx": {"path":"/Users/cesar/ass/deBijenkorf-reservations-app/client/src/components/misc/Drawer.jsx","statementMap":{"0":{"start":{"line":12,"column":15},"end":{"line":103,"column":1}},"1":{"start":{"line":22,"column":18},"end":{"line":22,"column":56}},"2":{"start":{"line":24,"column":2},"end":{"line":33,"column":15}},"3":{"start":{"line":25,"column":29},"end":{"line":31,"column":5}},"4":{"start":{"line":26,"column":6},"end":{"line":30,"column":7}},"5":{"start":{"line":27,"column":8},"end":{"line":27,"column":50}},"6":{"start":{"line":29,"column":8},"end":{"line":29,"column":44}},"7":{"start":{"line":32,"column":4},"end":{"line":32,"column":23}},"8":{"start":{"line":35,"column":23},"end":{"line":38,"column":3}},"9":{"start":{"line":36,"column":4},"end":{"line":36,"column":23}},"10":{"start":{"line":37,"column":4},"end":{"line":37,"column":14}},"11":{"start":{"line":40,"column":37},"end":{"line":40,"column":39}},"12":{"start":{"line":41,"column":2},"end":{"line":46,"column":3}},"13":{"start":{"line":42,"column":4},"end":{"line":42,"column":47}},"14":{"start":{"line":43,"column":4},"end":{"line":43,"column":47}},"15":{"start":{"line":45,"column":4},"end":{"line":45,"column":51}},"16":{"start":{"line":49,"column":19},"end":{"line":49,"column":27}},"17":{"start":{"line":50,"column":2},"end":{"line":54,"column":15}},"18":{"start":{"line":51,"column":4},"end":{"line":53,"column":5}},"19":{"start":{"line":52,"column":6},"end":{"line":52,"column":31}},"20":{"start":{"line":55,"column":24},"end":{"line":59,"column":3}},"21":{"start":{"line":56,"column":4},"end":{"line":58,"column":5}},"22":{"start":{"line":57,"column":6},"end":{"line":57,"column":16}},"23":{"start":{"line":61,"column":2},"end":{"line":102,"column":4}},"24":{"start":{"line":87,"column":31},"end":{"line":87,"column":40}},"25":{"start":{"line":108,"column":0},"end":{"line":117,"column":2}},"26":{"start":{"line":119,"column":0},"end":{"line":123,"column":2}}},"fnMap":{"0":{"name":"(anonymous_0)","decl":{"start":{"line":12,"column":15},"end":{"line":12,"column":16}},"loc":{"start":{"line":21,"column":6},"end":{"line":103,"column":1}},"line":21},"1":{"name":"(anonymous_1)","decl":{"start":{"line":24,"column":12},"end":{"line":24,"column":13}},"loc":{"start":{"line":24,"column":18},"end":{"line":33,"column":3}},"line":24},"2":{"name":"(anonymous_2)","decl":{"start":{"line":25,"column":29},"end":{"line":25,"column":30}},"loc":{"start":{"line":25,"column":35},"end":{"line":31,"column":5}},"line":25},"3":{"name":"(anonymous_3)","decl":{"start":{"line":35,"column":23},"end":{"line":35,"column":24}},"loc":{"start":{"line":35,"column":36},"end":{"line":38,"column":3}},"line":35},"4":{"name":"(anonymous_4)","decl":{"start":{"line":50,"column":12},"end":{"line":50,"column":13}},"loc":{"start":{"line":50,"column":18},"end":{"line":54,"column":3}},"line":50},"5":{"name":"(anonymous_5)","decl":{"start":{"line":55,"column":24},"end":{"line":55,"column":25}},"loc":{"start":{"line":55,"column":31},"end":{"line":59,"column":3}},"line":55},"6":{"name":"(anonymous_6)","decl":{"start":{"line":87,"column":23},"end":{"line":87,"column":24}},"loc":{"start":{"line":87,"column":29},"end":{"line":87,"column":42}},"line":87}},"branchMap":{"0":{"loc":{"start":{"line":26,"column":6},"end":{"line":30,"column":7}},"type":"if","locations":[{"start":{"line":26,"column":6},"end":{"line":30,"column":7}},{"start":{"line":28,"column":13},"end":{"line":30,"column":7}}],"line":26},"1":{"loc":{"start":{"line":41,"column":2},"end":{"line":46,"column":3}},"type":"if","locations":[{"start":{"line":41,"column":2},"end":{"line":46,"column":3}},{"start":{"line":44,"column":9},"end":{"line":46,"column":3}}],"line":41},"2":{"loc":{"start":{"line":51,"column":4},"end":{"line":53,"column":5}},"type":"if","locations":[{"start":{"line":51,"column":4},"end":{"line":53,"column":5}},{"start":{},"end":{}}],"line":51},"3":{"loc":{"start":{"line":51,"column":8},"end":{"line":51,"column":34}},"type":"binary-expr","locations":[{"start":{"line":51,"column":8},"end":{"line":51,"column":14}},{"start":{"line":51,"column":18},"end":{"line":51,"column":34}}],"line":51},"4":{"loc":{"start":{"line":56,"column":4},"end":{"line":58,"column":5}},"type":"if","locations":[{"start":{"line":56,"column":4},"end":{"line":58,"column":5}},{"start":{},"end":{}}],"line":56},"5":{"loc":{"start":{"line":68,"column":42},"end":{"line":68,"column":71}},"type":"binary-expr","locations":[{"start":{"line":68,"column":42},"end":{"line":68,"column":48}},{"start":{"line":68,"column":52},"end":{"line":68,"column":71}}],"line":68}},"s":{"0":1,"1":2,"2":2,"3":0,"4":0,"5":0,"6":0,"7":0,"8":2,"9":0,"10":0,"11":2,"12":2,"13":1,"14":1,"15":1,"16":2,"17":2,"18":0,"19":0,"20":2,"21":0,"22":0,"23":2,"24":0,"25":1,"26":1},"f":{"0":2,"1":0,"2":0,"3":0,"4":0,"5":0,"6":0},"b":{"0":[0,0],"1":[1,1],"2":[0,0],"3":[0,0],"4":[0,0],"5":[2,2]},"_coverageSchema":"1a1c01bbd47fc00a2c39e90264f33305004495a9","hash":"b2ce70fda99a6d3ccb76a0304839863f3d65aa00"}
,"/Users/cesar/ass/deBijenkorf-reservations-app/client/src/components/misc/Footer.jsx": {"path":"/Users/cesar/ass/deBijenkorf-reservations-app/client/src/components/misc/Footer.jsx","statementMap":{"0":{"start":{"line":7,"column":15},"end":{"line":18,"column":1}},"1":{"start":{"line":11,"column":2},"end":{"line":17,"column":8}},"2":{"start":{"line":23,"column":0},"end":{"line":26,"column":2}},"3":{"start":{"line":28,"column":0},"end":{"line":30,"column":1}}},"fnMap":{"0":{"name":"(anonymous_0)","decl":{"start":{"line":7,"column":15},"end":{"line":7,"column":16}},"loc":{"start":{"line":11,"column":2},"end":{"line":17,"column":8}},"line":11}},"branchMap":{"0":{"loc":{"start":{"line":14,"column":47},"end":{"line":14,"column":92}},"type":"binary-expr","locations":[{"start":{"line":14,"column":47},"end":{"line":14,"column":61}},{"start":{"line":14,"column":65},"end":{"line":14,"column":92}}],"line":14}},"s":{"0":3,"1":2,"2":3,"3":3},"f":{"0":2},"b":{"0":[2,1]},"_coverageSchema":"1a1c01bbd47fc00a2c39e90264f33305004495a9","hash":"7ea61e637ac1b9f7e911eb8fad98d681242ad612"}
,"/Users/cesar/ass/deBijenkorf-reservations-app/client/src/components/misc/Header.jsx": {"path":"/Users/cesar/ass/deBijenkorf-reservations-app/client/src/components/misc/Header.jsx","statementMap":{"0":{"start":{"line":7,"column":15},"end":{"line":16,"column":1}},"1":{"start":{"line":11,"column":2},"end":{"line":15,"column":8}},"2":{"start":{"line":21,"column":0},"end":{"line":24,"column":2}},"3":{"start":{"line":26,"column":0},"end":{"line":28,"column":1}}},"fnMap":{"0":{"name":"(anonymous_0)","decl":{"start":{"line":7,"column":15},"end":{"line":7,"column":16}},"loc":{"start":{"line":11,"column":2},"end":{"line":15,"column":8}},"line":11}},"branchMap":{"0":{"loc":{"start":{"line":12,"column":44},"end":{"line":12,"column":79}},"type":"binary-expr","locations":[{"start":{"line":12,"column":44},"end":{"line":12,"column":51}},{"start":{"line":12,"column":55},"end":{"line":12,"column":79}}],"line":12}},"s":{"0":3,"1":2,"2":3,"3":3},"f":{"0":2},"b":{"0":[2,1]},"_coverageSchema":"1a1c01bbd47fc00a2c39e90264f33305004495a9","hash":"444ca2f210ffef9200b02743f606ca8c52bbf941"}
,"/Users/cesar/ass/deBijenkorf-reservations-app/client/src/components/misc/InputField.jsx": {"path":"/Users/cesar/ass/deBijenkorf-reservations-app/client/src/components/misc/InputField.jsx","statementMap":{"0":{"start":{"line":4,"column":19},"end":{"line":42,"column":1}},"1":{"start":{"line":15,"column":24},"end":{"line":15,"column":26}},"2":{"start":{"line":16,"column":2},"end":{"line":18,"column":3}},"3":{"start":{"line":17,"column":4},"end":{"line":17,"column":30}},"4":{"start":{"line":19,"column":2},"end":{"line":27,"column":3}},"5":{"start":{"line":20,"column":4},"end":{"line":20,"column":30}},"6":{"start":{"line":21,"column":4},"end":{"line":23,"column":5}},"7":{"start":{"line":22,"column":6},"end":{"line":22,"column":30}},"8":{"start":{"line":24,"column":4},"end":{"line":26,"column":5}},"9":{"start":{"line":25,"column":6},"end":{"line":25,"column":30}},"10":{"start":{"line":29,"column":2},"end":{"line":41,"column":4}},"11":{"start":{"line":35,"column":23},"end":{"line":35,"column":47}},"12":{"start":{"line":47,"column":0},"end":{"line":57,"column":2}},"13":{"start":{"line":59,"column":0},"end":{"line":68,"column":2}}},"fnMap":{"0":{"name":"(anonymous_0)","decl":{"start":{"line":4,"column":19},"end":{"line":4,"column":20}},"loc":{"start":{"line":14,"column":6},"end":{"line":42,"column":1}},"line":14},"1":{"name":"(anonymous_1)","decl":{"start":{"line":35,"column":18},"end":{"line":35,"column":19}},"loc":{"start":{"line":35,"column":23},"end":{"line":35,"column":47}},"line":35}},"branchMap":{"0":{"loc":{"start":{"line":16,"column":2},"end":{"line":18,"column":3}},"type":"if","locations":[{"start":{"line":16,"column":2},"end":{"line":18,"column":3}},{"start":{},"end":{}}],"line":16},"1":{"loc":{"start":{"line":19,"column":2},"end":{"line":27,"column":3}},"type":"if","locations":[{"start":{"line":19,"column":2},"end":{"line":27,"column":3}},{"start":{},"end":{}}],"line":19},"2":{"loc":{"start":{"line":21,"column":4},"end":{"line":23,"column":5}},"type":"if","locations":[{"start":{"line":21,"column":4},"end":{"line":23,"column":5}},{"start":{},"end":{}}],"line":21},"3":{"loc":{"start":{"line":21,"column":8},"end":{"line":21,"column":40}},"type":"binary-expr","locations":[{"start":{"line":21,"column":8},"end":{"line":21,"column":25}},{"start":{"line":21,"column":29},"end":{"line":21,"column":40}}],"line":21},"4":{"loc":{"start":{"line":24,"column":4},"end":{"line":26,"column":5}},"type":"if","locations":[{"start":{"line":24,"column":4},"end":{"line":26,"column":5}},{"start":{},"end":{}}],"line":24},"5":{"loc":{"start":{"line":24,"column":8},"end":{"line":24,"column":40}},"type":"binary-expr","locations":[{"start":{"line":24,"column":8},"end":{"line":24,"column":25}},{"start":{"line":24,"column":29},"end":{"line":24,"column":40}}],"line":24},"6":{"loc":{"start":{"line":31,"column":12},"end":{"line":31,"column":73}},"type":"cond-expr","locations":[{"start":{"line":31,"column":20},"end":{"line":31,"column":61}},{"start":{"line":31,"column":64},"end":{"line":31,"column":73}}],"line":31},"7":{"loc":{"start":{"line":31,"column":31},"end":{"line":31,"column":59}},"type":"cond-expr","locations":[{"start":{"line":31,"column":51},"end":{"line":31,"column":54}},{"start":{"line":31,"column":57},"end":{"line":31,"column":59}}],"line":31},"8":{"loc":{"start":{"line":31,"column":31},"end":{"line":31,"column":48}},"type":"binary-expr","locations":[{"start":{"line":31,"column":31},"end":{"line":31,"column":36}},{"start":{"line":31,"column":40},"end":{"line":31,"column":48}}],"line":31}},"s":{"0":2,"1":2,"2":2,"3":1,"4":2,"5":1,"6":1,"7":1,"8":1,"9":1,"10":2,"11":0,"12":2,"13":2},"f":{"0":2,"1":0},"b":{"0":[1,1],"1":[1,1],"2":[1,0],"3":[1,1],"4":[1,0],"5":[1,1],"6":[1,1],"7":[1,0],"8":[1,1]},"_coverageSchema":"1a1c01bbd47fc00a2c39e90264f33305004495a9","hash":"1254e81263387354da4c8e6ba3a985876cad0976"}
,"/Users/cesar/ass/deBijenkorf-reservations-app/client/src/components/misc/RadioButtons.jsx": {"path":"/Users/cesar/ass/deBijenkorf-reservations-app/client/src/components/misc/RadioButtons.jsx","statementMap":{"0":{"start":{"line":7,"column":21},"end":{"line":42,"column":1}},"1":{"start":{"line":16,"column":2},"end":{"line":41,"column":8}},"2":{"start":{"line":20,"column":6},"end":{"line":39,"column":12}},"3":{"start":{"line":29,"column":27},"end":{"line":29,"column":52}},"4":{"start":{"line":35,"column":27},"end":{"line":35,"column":41}},"5":{"start":{"line":47,"column":0},"end":{"line":55,"column":2}},"6":{"start":{"line":57,"column":0},"end":{"line":63,"column":2}}},"fnMap":{"0":{"name":"(anonymous_0)","decl":{"start":{"line":7,"column":21},"end":{"line":7,"column":22}},"loc":{"start":{"line":16,"column":2},"end":{"line":41,"column":8}},"line":16},"1":{"name":"(anonymous_1)","decl":{"start":{"line":19,"column":16},"end":{"line":19,"column":17}},"loc":{"start":{"line":20,"column":6},"end":{"line":39,"column":12}},"line":20},"2":{"name":"(anonymous_2)","decl":{"start":{"line":29,"column":20},"end":{"line":29,"column":21}},"loc":{"start":{"line":29,"column":25},"end":{"line":29,"column":54}},"line":29},"3":{"name":"(anonymous_3)","decl":{"start":{"line":35,"column":19},"end":{"line":35,"column":20}},"loc":{"start":{"line":35,"column":25},"end":{"line":35,"column":43}},"line":35}},"branchMap":{"0":{"loc":{"start":{"line":17,"column":10},"end":{"line":17,"column":71}},"type":"cond-expr","locations":[{"start":{"line":17,"column":18},"end":{"line":17,"column":59}},{"start":{"line":17,"column":62},"end":{"line":17,"column":71}}],"line":17},"1":{"loc":{"start":{"line":17,"column":29},"end":{"line":17,"column":57}},"type":"cond-expr","locations":[{"start":{"line":17,"column":49},"end":{"line":17,"column":52}},{"start":{"line":17,"column":55},"end":{"line":17,"column":57}}],"line":17},"2":{"loc":{"start":{"line":17,"column":29},"end":{"line":17,"column":46}},"type":"binary-expr","locations":[{"start":{"line":17,"column":29},"end":{"line":17,"column":34}},{"start":{"line":17,"column":38},"end":{"line":17,"column":46}}],"line":17},"3":{"loc":{"start":{"line":22,"column":53},"end":{"line":22,"column":83}},"type":"binary-expr","locations":[{"start":{"line":22,"column":53},"end":{"line":22,"column":62}},{"start":{"line":22,"column":66},"end":{"line":22,"column":83}}],"line":22}},"s":{"0":2,"1":2,"2":6,"3":0,"4":0,"5":2,"6":2},"f":{"0":2,"1":6,"2":0,"3":0},"b":{"0":[1,1],"1":[1,0],"2":[1,1],"3":[6,4]},"_coverageSchema":"1a1c01bbd47fc00a2c39e90264f33305004495a9","hash":"072cce4a02620d58a98fb7e5de46212db8906c02"}
,"/Users/cesar/ass/deBijenkorf-reservations-app/client/src/components/misc/Select.jsx": {"path":"/Users/cesar/ass/deBijenkorf-reservations-app/client/src/components/misc/Select.jsx","statementMap":{"0":{"start":{"line":4,"column":15},"end":{"line":30,"column":1}},"1":{"start":{"line":14,"column":2},"end":{"line":29,"column":10}},"2":{"start":{"line":20,"column":23},"end":{"line":20,"column":47}},"3":{"start":{"line":26,"column":8},"end":{"line":26,"column":50}},"4":{"start":{"line":35,"column":0},"end":{"line":46,"column":2}},"5":{"start":{"line":48,"column":0},"end":{"line":55,"column":2}}},"fnMap":{"0":{"name":"(anonymous_0)","decl":{"start":{"line":4,"column":15},"end":{"line":4,"column":16}},"loc":{"start":{"line":14,"column":2},"end":{"line":29,"column":10}},"line":14},"1":{"name":"(anonymous_1)","decl":{"start":{"line":20,"column":16},"end":{"line":20,"column":17}},"loc":{"start":{"line":20,"column":21},"end":{"line":20,"column":49}},"line":20},"2":{"name":"(anonymous_2)","decl":{"start":{"line":25,"column":19},"end":{"line":25,"column":20}},"loc":{"start":{"line":26,"column":8},"end":{"line":26,"column":50}},"line":26}},"branchMap":{"0":{"loc":{"start":{"line":15,"column":10},"end":{"line":15,"column":71}},"type":"cond-expr","locations":[{"start":{"line":15,"column":18},"end":{"line":15,"column":59}},{"start":{"line":15,"column":62},"end":{"line":15,"column":71}}],"line":15},"1":{"loc":{"start":{"line":15,"column":29},"end":{"line":15,"column":57}},"type":"cond-expr","locations":[{"start":{"line":15,"column":49},"end":{"line":15,"column":52}},{"start":{"line":15,"column":55},"end":{"line":15,"column":57}}],"line":15},"2":{"loc":{"start":{"line":15,"column":29},"end":{"line":15,"column":46}},"type":"binary-expr","locations":[{"start":{"line":15,"column":29},"end":{"line":15,"column":34}},{"start":{"line":15,"column":38},"end":{"line":15,"column":46}}],"line":15},"3":{"loc":{"start":{"line":24,"column":7},"end":{"line":24,"column":60}},"type":"cond-expr","locations":[{"start":{"line":24,"column":28},"end":{"line":24,"column":52}},{"start":{"line":24,"column":55},"end":{"line":24,"column":60}}],"line":24}},"s":{"0":2,"1":2,"2":0,"3":6,"4":2,"5":2},"f":{"0":2,"1":0,"2":6},"b":{"0":[1,1],"1":[1,0],"2":[1,1],"3":[0,2]},"_coverageSchema":"1a1c01bbd47fc00a2c39e90264f33305004495a9","hash":"016bdca9e60f869004797ecf2b7cd9485001bee6"}
,"/Users/cesar/ass/deBijenkorf-reservations-app/client/src/constants/errors.js": {"path":"/Users/cesar/ass/deBijenkorf-reservations-app/client/src/constants/errors.js","statementMap":{"0":{"start":{"line":1,"column":22},"end":{"line":6,"column":2}}},"fnMap":{},"branchMap":{},"s":{"0":2},"f":{},"b":{},"_coverageSchema":"1a1c01bbd47fc00a2c39e90264f33305004495a9","hash":"f56e7aa6be758b54eb44f7b990f59077cdab0006"}
,"/Users/cesar/ass/deBijenkorf-reservations-app/client/src/constants/index.js": {"path":"/Users/cesar/ass/deBijenkorf-reservations-app/client/src/constants/index.js","statementMap":{},"fnMap":{},"branchMap":{},"s":{},"f":{},"b":{},"_coverageSchema":"1a1c01bbd47fc00a2c39e90264f33305004495a9","hash":"63f4b43f6d2de14d7c63060a14d21d77ca69d39b"}
,"/Users/cesar/ass/deBijenkorf-reservations-app/client/src/constants/misc.js": {"path":"/Users/cesar/ass/deBijenkorf-reservations-app/client/src/constants/misc.js","statementMap":{"0":{"start":{"line":1,"column":27},"end":{"line":1,"column":28}},"1":{"start":{"line":3,"column":28},"end":{"line":8,"column":1}}},"fnMap":{},"branchMap":{},"s":{"0":2,"1":2},"f":{},"b":{},"_coverageSchema":"1a1c01bbd47fc00a2c39e90264f33305004495a9","hash":"6c15fc12aefe46b314183f5504aaf878bedf6caa"}
,"/Users/cesar/ass/deBijenkorf-reservations-app/client/src/constants/reservationStatuses.js": {"path":"/Users/cesar/ass/deBijenkorf-reservations-app/client/src/constants/reservationStatuses.js","statementMap":{"0":{"start":{"line":1,"column":18},"end":{"line":1,"column":38}},"1":{"start":{"line":3,"column":31},"end":{"line":7,"column":2}},"2":{"start":{"line":9,"column":39},"end":{"line":13,"column":1}},"3":{"start":{"line":15,"column":0},"end":{"line":18,"column":2}}},"fnMap":{},"branchMap":{},"s":{"0":2,"1":2,"2":2,"3":2},"f":{},"b":{},"_coverageSchema":"1a1c01bbd47fc00a2c39e90264f33305004495a9","hash":"25cca2c0428e0014d268352f37ba481dd66a52d0"}
,"/Users/cesar/ass/deBijenkorf-reservations-app/client/src/constants/toastMessages.js": {"path":"/Users/cesar/ass/deBijenkorf-reservations-app/client/src/constants/toastMessages.js","statementMap":{"0":{"start":{"line":1,"column":19},"end":{"line":1,"column":57}},"1":{"start":{"line":3,"column":0},"end":{"line":15,"column":2}}},"fnMap":{},"branchMap":{},"s":{"0":2,"1":2},"f":{},"b":{},"_coverageSchema":"1a1c01bbd47fc00a2c39e90264f33305004495a9","hash":"b0d3bc6f5a251aee9f76ea52214930a4367108c2"}
,"/Users/cesar/ass/deBijenkorf-reservations-app/client/src/tests/data/Reservation.js": {"path":"/Users/cesar/ass/deBijenkorf-reservations-app/client/src/tests/data/Reservation.js","statementMap":{"0":{"start":{"line":3,"column":32},"end":{"line":28,"column":1}},"1":{"start":{"line":30,"column":35},"end":{"line":30,"column":67}}},"fnMap":{},"branchMap":{},"s":{"0":3,"1":3},"f":{},"b":{},"_coverageSchema":"1a1c01bbd47fc00a2c39e90264f33305004495a9","hash":"96cf48f4621e95e46de6962671e085fa19a4016d"}
,"/Users/cesar/ass/deBijenkorf-reservations-app/client/src/tests/data/Status.js": {"path":"/Users/cesar/ass/deBijenkorf-reservations-app/client/src/tests/data/Status.js","statementMap":{"0":{"start":{"line":3,"column":28},"end":{"line":7,"column":1}},"1":{"start":{"line":9,"column":31},"end":{"line":9,"column":59}}},"fnMap":{},"branchMap":{},"s":{"0":3,"1":3},"f":{},"b":{},"_coverageSchema":"1a1c01bbd47fc00a2c39e90264f33305004495a9","hash":"876edd2b41d7b1c788b346d7e3d5a3d15f25fb09"}
,"/Users/cesar/ass/deBijenkorf-reservations-app/client/src/tests/data/Store.js": {"path":"/Users/cesar/ass/deBijenkorf-reservations-app/client/src/tests/data/Store.js","statementMap":{"0":{"start":{"line":3,"column":26},"end":{"line":9,"column":1}},"1":{"start":{"line":11,"column":29},"end":{"line":11,"column":55}}},"fnMap":{},"branchMap":{},"s":{"0":3,"1":3},"f":{},"b":{},"_coverageSchema":"1a1c01bbd47fc00a2c39e90264f33305004495a9","hash":"cc98a55c6e0f9a643c6cceea5e0de5fadfca9757"}
,"/Users/cesar/ass/deBijenkorf-reservations-app/client/src/types/Reservation.js": {"path":"/Users/cesar/ass/deBijenkorf-reservations-app/client/src/types/Reservation.js","statementMap":{"0":{"start":{"line":3,"column":20},"end":{"line":10,"column":1}}},"fnMap":{},"branchMap":{},"s":{"0":3},"f":{},"b":{},"_coverageSchema":"1a1c01bbd47fc00a2c39e90264f33305004495a9","hash":"9373dc5904cd63c01673c25de6d96d337f9f7ff7"}
,"/Users/cesar/ass/deBijenkorf-reservations-app/client/src/types/Status.js": {"path":"/Users/cesar/ass/deBijenkorf-reservations-app/client/src/types/Status.js","statementMap":{"0":{"start":{"line":3,"column":15},"end":{"line":7,"column":1}}},"fnMap":{},"branchMap":{},"s":{"0":3},"f":{},"b":{},"_coverageSchema":"1a1c01bbd47fc00a2c39e90264f33305004495a9","hash":"def606677708cbe28b298dac2afdde1d892b15b0"}
,"/Users/cesar/ass/deBijenkorf-reservations-app/client/src/types/Store.js": {"path":"/Users/cesar/ass/deBijenkorf-reservations-app/client/src/types/Store.js","statementMap":{"0":{"start":{"line":3,"column":14},"end":{"line":7,"column":1}}},"fnMap":{},"branchMap":{},"s":{"0":3},"f":{},"b":{},"_coverageSchema":"1a1c01bbd47fc00a2c39e90264f33305004495a9","hash":"175de6d56fe0112c2993104da9595e5f9ec3eee6"}
,"/Users/cesar/ass/deBijenkorf-reservations-app/client/src/types/actionType.js": {"path":"/Users/cesar/ass/deBijenkorf-reservations-app/client/src/types/actionType.js","statementMap":{"0":{"start":{"line":3,"column":19},"end":{"line":26,"column":2}}},"fnMap":{},"branchMap":{},"s":{"0":2},"f":{},"b":{},"_coverageSchema":"1a1c01bbd47fc00a2c39e90264f33305004495a9","hash":"43f9557361bf380f507e757cacdafefeb0632c1c"}
,"/Users/cesar/ass/deBijenkorf-reservations-app/client/src/utils/utils.js": {"path":"/Users/cesar/ass/deBijenkorf-reservations-app/client/src/utils/utils.js","statementMap":{"0":{"start":{"line":1,"column":15},"end":{"line":1,"column":32}},"1":{"start":{"line":4,"column":24},"end":{"line":4,"column":119}},"2":{"start":{"line":4,"column":39},"end":{"line":4,"column":118}},"3":{"start":{"line":4,"column":75},"end":{"line":4,"column":107}},"4":{"start":{"line":6,"column":30},"end":{"line":13,"column":1}},"5":{"start":{"line":7,"column":17},"end":{"line":7,"column":27}},"6":{"start":{"line":8,"column":20},"end":{"line":8,"column":58}},"7":{"start":{"line":9,"column":2},"end":{"line":11,"column":5}},"8":{"start":{"line":10,"column":4},"end":{"line":10,"column":24}},"9":{"start":{"line":12,"column":2},"end":{"line":12,"column":16}},"10":{"start":{"line":16,"column":26},"end":{"line":16,"column":103}},"11":{"start":{"line":16,"column":35},"end":{"line":16,"column":103}},"12":{"start":{"line":18,"column":29},"end":{"line":18,"column":111}},"13":{"start":{"line":18,"column":40},"end":{"line":18,"column":110}},"14":{"start":{"line":21,"column":27},"end":{"line":28,"column":1}},"15":{"start":{"line":22,"column":2},"end":{"line":26,"column":5}},"16":{"start":{"line":23,"column":4},"end":{"line":25,"column":10}},"17":{"start":{"line":27,"column":2},"end":{"line":27,"column":13}},"18":{"start":{"line":30,"column":26},"end":{"line":30,"column":69}},"19":{"start":{"line":30,"column":36},"end":{"line":30,"column":69}},"20":{"start":{"line":32,"column":30},"end":{"line":32,"column":90}},"21":{"start":{"line":32,"column":44},"end":{"line":32,"column":90}},"22":{"start":{"line":34,"column":28},"end":{"line":34,"column":53}},"23":{"start":{"line":34,"column":35},"end":{"line":34,"column":53}}},"fnMap":{"0":{"name":"(anonymous_0)","decl":{"start":{"line":4,"column":24},"end":{"line":4,"column":25}},"loc":{"start":{"line":4,"column":39},"end":{"line":4,"column":118}},"line":4},"1":{"name":"(anonymous_1)","decl":{"start":{"line":4,"column":56},"end":{"line":4,"column":57}},"loc":{"start":{"line":4,"column":75},"end":{"line":4,"column":107}},"line":4},"2":{"name":"(anonymous_2)","decl":{"start":{"line":6,"column":30},"end":{"line":6,"column":31}},"loc":{"start":{"line":6,"column":46},"end":{"line":13,"column":1}},"line":6},"3":{"name":"(anonymous_3)","decl":{"start":{"line":9,"column":20},"end":{"line":9,"column":21}},"loc":{"start":{"line":9,"column":30},"end":{"line":11,"column":3}},"line":9},"4":{"name":"(anonymous_4)","decl":{"start":{"line":16,"column":26},"end":{"line":16,"column":27}},"loc":{"start":{"line":16,"column":35},"end":{"line":16,"column":103}},"line":16},"5":{"name":"(anonymous_5)","decl":{"start":{"line":18,"column":29},"end":{"line":18,"column":30}},"loc":{"start":{"line":18,"column":40},"end":{"line":18,"column":110}},"line":18},"6":{"name":"(anonymous_6)","decl":{"start":{"line":21,"column":27},"end":{"line":21,"column":28}},"loc":{"start":{"line":21,"column":36},"end":{"line":28,"column":1}},"line":21},"7":{"name":"(anonymous_7)","decl":{"start":{"line":22,"column":27},"end":{"line":22,"column":28}},"loc":{"start":{"line":23,"column":4},"end":{"line":25,"column":10}},"line":23},"8":{"name":"(anonymous_8)","decl":{"start":{"line":30,"column":26},"end":{"line":30,"column":27}},"loc":{"start":{"line":30,"column":36},"end":{"line":30,"column":69}},"line":30},"9":{"name":"(anonymous_9)","decl":{"start":{"line":32,"column":30},"end":{"line":32,"column":31}},"loc":{"start":{"line":32,"column":44},"end":{"line":32,"column":90}},"line":32},"10":{"name":"(anonymous_10)","decl":{"start":{"line":34,"column":28},"end":{"line":34,"column":29}},"loc":{"start":{"line":34,"column":35},"end":{"line":34,"column":53}},"line":34}},"branchMap":{"0":{"loc":{"start":{"line":4,"column":39},"end":{"line":4,"column":118}},"type":"cond-expr","locations":[{"start":{"line":4,"column":45},"end":{"line":4,"column":113}},{"start":{"line":4,"column":116},"end":{"line":4,"column":118}}],"line":4},"1":{"loc":{"start":{"line":8,"column":20},"end":{"line":8,"column":58}},"type":"cond-expr","locations":[{"start":{"line":8,"column":43},"end":{"line":8,"column":48}},{"start":{"line":8,"column":51},"end":{"line":8,"column":58}}],"line":8},"2":{"loc":{"start":{"line":16,"column":35},"end":{"line":16,"column":103}},"type":"binary-expr","locations":[{"start":{"line":16,"column":35},"end":{"line":16,"column":40}},{"start":{"line":16,"column":44},"end":{"line":16,"column":73}},{"start":{"line":16,"column":77},"end":{"line":16,"column":103}}],"line":16},"3":{"loc":{"start":{"line":23,"column":4},"end":{"line":25,"column":10}},"type":"cond-expr","locations":[{"start":{"line":24,"column":8},"end":{"line":24,"column":23}},{"start":{"line":25,"column":8},"end":{"line":25,"column":10}}],"line":23},"4":{"loc":{"start":{"line":23,"column":4},"end":{"line":23,"column":66}},"type":"binary-expr","locations":[{"start":{"line":23,"column":4},"end":{"line":23,"column":26}},{"start":{"line":23,"column":30},"end":{"line":23,"column":45}},{"start":{"line":23,"column":49},"end":{"line":23,"column":66}}],"line":23}},"s":{"0":6,"1":6,"2":11,"3":35,"4":6,"5":4,"6":4,"7":4,"8":7,"9":4,"10":6,"11":10,"12":6,"13":2,"14":6,"15":1,"16":9,"17":1,"18":6,"19":1,"20":6,"21":0,"22":6,"23":0},"f":{"0":11,"1":35,"2":4,"3":7,"4":10,"5":2,"6":1,"7":9,"8":1,"9":0,"10":0},"b":{"0":[11,0],"1":[3,1],"2":[10,6,4],"3":[3,6],"4":[9,8,7]},"_coverageSchema":"1a1c01bbd47fc00a2c39e90264f33305004495a9","hash":"02d5d5f43ee6d7c9b8a8d4a1a9af3d3aeb36f5a5"}
}
