TN:
SF:src/components/ReservationDetails/ReservationDetails.jsx
FN:14,(anonymous_0)
FN:23,(anonymous_1)
FN:26,(anonymous_2)
FN:29,(anonymous_3)
FN:56,(anonymous_4)
FNF:5
FNH:1
FNDA:1,(anonymous_0)
FNDA:0,(anonymous_1)
FNDA:0,(anonymous_2)
FNDA:0,(anonymous_3)
FNDA:0,(anonymous_4)
DA:14,2
DA:21,1
DA:23,1
DA:24,0
DA:26,1
DA:27,0
DA:29,1
DA:30,0
DA:33,1
DA:57,0
DA:58,0
DA:72,2
LF:12
LH:7
BRDA:35,0,0,1
BRDA:35,0,1,0
BRF:2
BRH:1
end_of_record
TN:
SF:src/components/ReservationDetails/index.js
FNF:0
FNH:0
LF:0
LH:0
BRF:0
BRH:0
end_of_record
TN:
SF:src/components/ReservationsList/ReservationsList.jsx
FN:11,(anonymous_0)
FN:29,(anonymous_1)
FNF:2
FNH:2
FNDA:1,(anonymous_0)
FNDA:3,(anonymous_1)
DA:11,1
DA:19,1
DA:20,0
DA:23,1
DA:25,1
DA:30,3
DA:49,1
LF:7
LH:6
BRDA:19,0,0,0
BRDA:19,0,1,1
BRDA:27,1,0,0
BRDA:27,1,1,1
BRF:4
BRH:2
end_of_record
TN:
SF:src/components/UpsertReservationForm/UpsertReservationForm.jsx
FN:16,(anonymous_0)
FN:33,(anonymous_1)
FN:35,(anonymous_2)
FN:41,(anonymous_3)
FN:42,(anonymous_4)
FN:115,(anonymous_5)
FNF:6
FNH:2
FNDA:2,(anonymous_0)
FNDA:6,(anonymous_1)
FNDA:0,(anonymous_2)
FNDA:0,(anonymous_3)
FNDA:0,(anonymous_4)
FNDA:0,(anonymous_5)
DA:16,1
DA:25,2
DA:26,2
DA:27,2
DA:28,2
DA:30,2
DA:32,2
DA:33,6
DA:35,2
DA:36,0
DA:38,0
DA:39,0
DA:40,0
DA:41,0
DA:42,0
DA:43,0
DA:44,0
DA:54,0
DA:60,0
DA:63,0
DA:64,0
DA:65,0
DA:67,0
DA:71,0
DA:75,2
DA:115,0
DA:125,1
LF:27
LH:11
BRDA:25,0,0,2
BRDA:25,0,1,1
BRDA:26,1,0,2
BRDA:26,1,1,1
BRDA:27,2,0,2
BRDA:27,2,1,1
BRDA:28,3,0,1
BRDA:28,3,1,1
BRDA:38,4,0,0
BRDA:38,4,1,0
BRDA:40,5,0,0
BRDA:40,5,1,0
BRDA:40,6,0,0
BRDA:40,6,1,0
BRDA:40,6,2,0
BRDA:43,7,0,0
BRDA:43,7,1,0
BRDA:43,8,0,0
BRDA:43,8,1,0
BRDA:54,9,0,0
BRDA:54,9,1,0
BRDA:54,10,0,0
BRDA:54,10,1,0
BRDA:54,10,2,0
BRDA:54,10,3,0
BRDA:54,10,4,0
BRDA:63,11,0,0
BRDA:63,11,1,0
BRF:28
BRH:8
end_of_record
TN:
SF:src/components/misc/Button.jsx
FN:7,(anonymous_0)
FN:18,(anonymous_1)
FN:23,(anonymous_2)
FN:28,(anonymous_3)
FN:96,(anonymous_4)
FNF:5
FNH:1
FNDA:2,(anonymous_0)
FNDA:0,(anonymous_1)
FNDA:0,(anonymous_2)
FNDA:0,(anonymous_3)
FNDA:0,(anonymous_4)
DA:7,5
DA:16,2
DA:18,2
DA:19,0
DA:20,0
DA:23,2
DA:24,0
DA:25,0
DA:28,2
DA:29,0
DA:30,0
DA:34,2
DA:41,2
DA:85,5
DA:95,5
LF:15
LH:9
BRDA:19,0,0,0
BRDA:19,0,1,0
BRDA:24,1,0,0
BRDA:24,1,1,0
BRDA:29,2,0,0
BRDA:29,2,1,0
BRDA:35,3,0,2
BRDA:35,3,1,0
BRDA:36,4,0,2
BRDA:36,4,1,2
BRDA:37,5,0,2
BRDA:37,5,1,0
BRDA:54,6,0,2
BRDA:54,6,1,1
BRDA:54,6,2,0
BRDA:58,7,0,1
BRDA:58,7,1,1
BRDA:70,8,0,2
BRDA:70,8,1,1
BRDA:73,9,0,1
BRDA:73,9,1,1
BRDA:74,10,0,1
BRDA:74,10,1,1
BRDA:74,11,0,2
BRDA:74,11,1,1
BRF:25
BRH:16
end_of_record
TN:
SF:src/components/misc/DatePicker.jsx
FN:8,(anonymous_0)
FN:47,(anonymous_1)
FNF:2
FNH:1
FNDA:2,(anonymous_0)
FNDA:0,(anonymous_1)
DA:8,2
DA:16,2
DA:34,2
DA:43,2
DA:50,2
LF:5
LH:5
BRDA:17,0,0,2
BRDA:17,0,1,0
BRDA:17,1,0,1
BRDA:17,1,1,1
BRDA:17,2,0,2
BRDA:17,2,1,2
BRF:6
BRH:5
end_of_record
TN:
SF:src/components/misc/Dialog.jsx
FN:12,(anonymous_0)
FN:23,(anonymous_1)
FN:30,(anonymous_2)
FN:35,(anonymous_3)
FN:51,(anonymous_4)
FN:71,(anonymous_5)
FNF:6
FNH:1
FNDA:2,(anonymous_0)
FNDA:0,(anonymous_1)
FNDA:0,(anonymous_2)
FNDA:0,(anonymous_3)
FNDA:0,(anonymous_4)
FNDA:0,(anonymous_5)
DA:12,1
DA:21,2
DA:23,2
DA:24,0
DA:25,0
DA:29,2
DA:30,2
DA:31,0
DA:32,0
DA:35,2
DA:36,0
DA:37,0
DA:41,2
DA:51,0
DA:71,0
DA:86,1
DA:96,1
LF:17
LH:9
BRDA:21,0,0,0
BRDA:21,0,1,2
BRDA:31,1,0,0
BRDA:31,1,1,0
BRDA:31,2,0,0
BRDA:31,2,1,0
BRDA:36,3,0,0
BRDA:36,3,1,0
BRDA:50,4,0,2
BRDA:50,4,1,2
BRF:10
BRH:3
end_of_record
TN:
SF:src/components/misc/Drawer.jsx
FN:12,(anonymous_0)
FN:24,(anonymous_1)
FN:25,(anonymous_2)
FN:35,(anonymous_3)
FN:50,(anonymous_4)
FN:55,(anonymous_5)
FN:87,(anonymous_6)
FNF:7
FNH:1
FNDA:2,(anonymous_0)
FNDA:0,(anonymous_1)
FNDA:0,(anonymous_2)
FNDA:0,(anonymous_3)
FNDA:0,(anonymous_4)
FNDA:0,(anonymous_5)
FNDA:0,(anonymous_6)
DA:12,1
DA:22,2
DA:24,2
DA:25,0
DA:26,0
DA:27,0
DA:29,0
DA:32,0
DA:35,2
DA:36,0
DA:37,0
DA:40,2
DA:41,2
DA:42,1
DA:43,1
DA:45,1
DA:49,2
DA:50,2
DA:51,0
DA:52,0
DA:55,2
DA:56,0
DA:57,0
DA:61,2
DA:87,0
DA:108,1
DA:119,1
LF:27
LH:15
BRDA:26,0,0,0
BRDA:26,0,1,0
BRDA:41,1,0,1
BRDA:41,1,1,1
BRDA:51,2,0,0
BRDA:51,2,1,0
BRDA:51,3,0,0
BRDA:51,3,1,0
BRDA:56,4,0,0
BRDA:56,4,1,0
BRDA:68,5,0,2
BRDA:68,5,1,2
BRF:12
BRH:4
end_of_record
TN:
SF:src/components/misc/Footer.jsx
FN:7,(anonymous_0)
FNF:1
FNH:1
FNDA:2,(anonymous_0)
DA:7,3
DA:11,2
DA:23,3
DA:28,3
LF:4
LH:4
BRDA:14,0,0,2
BRDA:14,0,1,1
BRF:2
BRH:2
end_of_record
TN:
SF:src/components/misc/Header.jsx
FN:7,(anonymous_0)
FNF:1
FNH:1
FNDA:2,(anonymous_0)
DA:7,3
DA:11,2
DA:21,3
DA:26,3
LF:4
LH:4
BRDA:12,0,0,2
BRDA:12,0,1,1
BRF:2
BRH:2
end_of_record
TN:
SF:src/components/misc/InputField.jsx
FN:4,(anonymous_0)
FN:35,(anonymous_1)
FNF:2
FNH:1
FNDA:2,(anonymous_0)
FNDA:0,(anonymous_1)
DA:4,2
DA:15,2
DA:16,2
DA:17,1
DA:19,2
DA:20,1
DA:21,1
DA:22,1
DA:24,1
DA:25,1
DA:29,2
DA:35,0
DA:47,2
DA:59,2
LF:14
LH:13
BRDA:16,0,0,1
BRDA:16,0,1,1
BRDA:19,1,0,1
BRDA:19,1,1,1
BRDA:21,2,0,1
BRDA:21,2,1,0
BRDA:21,3,0,1
BRDA:21,3,1,1
BRDA:24,4,0,1
BRDA:24,4,1,0
BRDA:24,5,0,1
BRDA:24,5,1,1
BRDA:31,6,0,1
BRDA:31,6,1,1
BRDA:31,7,0,1
BRDA:31,7,1,0
BRDA:31,8,0,1
BRDA:31,8,1,1
BRF:18
BRH:15
end_of_record
TN:
SF:src/components/misc/RadioButtons.jsx
FN:7,(anonymous_0)
FN:19,(anonymous_1)
FN:29,(anonymous_2)
FN:35,(anonymous_3)
FNF:4
FNH:2
FNDA:2,(anonymous_0)
FNDA:6,(anonymous_1)
FNDA:0,(anonymous_2)
FNDA:0,(anonymous_3)
DA:7,2
DA:16,2
DA:20,6
DA:29,0
DA:35,0
DA:47,2
DA:57,2
LF:7
LH:5
BRDA:17,0,0,1
BRDA:17,0,1,1
BRDA:17,1,0,1
BRDA:17,1,1,0
BRDA:17,2,0,1
BRDA:17,2,1,1
BRDA:22,3,0,6
BRDA:22,3,1,4
BRF:8
BRH:7
end_of_record
TN:
SF:src/components/misc/Select.jsx
FN:4,(anonymous_0)
FN:20,(anonymous_1)
FN:25,(anonymous_2)
FNF:3
FNH:2
FNDA:2,(anonymous_0)
FNDA:0,(anonymous_1)
FNDA:6,(anonymous_2)
DA:4,2
DA:14,2
DA:20,0
DA:26,6
DA:35,2
DA:48,2
LF:6
LH:5
BRDA:15,0,0,1
BRDA:15,0,1,1
BRDA:15,1,0,1
BRDA:15,1,1,0
BRDA:15,2,0,1
BRDA:15,2,1,1
BRDA:24,3,0,0
BRDA:24,3,1,2
BRF:8
BRH:6
end_of_record
TN:
SF:src/constants/errors.js
FNF:0
FNH:0
DA:1,2
LF:1
LH:1
BRF:0
BRH:0
end_of_record
TN:
SF:src/constants/index.js
FNF:0
FNH:0
LF:0
LH:0
BRF:0
BRH:0
end_of_record
TN:
SF:src/constants/misc.js
FNF:0
FNH:0
DA:1,2
DA:3,2
LF:2
LH:2
BRF:0
BRH:0
end_of_record
TN:
SF:src/constants/reservationStatuses.js
FNF:0
FNH:0
DA:1,2
DA:3,2
DA:9,2
DA:15,2
LF:4
LH:4
BRF:0
BRH:0
end_of_record
TN:
SF:src/constants/toastMessages.js
FNF:0
FNH:0
DA:1,2
DA:3,2
LF:2
LH:2
BRF:0
BRH:0
end_of_record
TN:
SF:src/tests/data/Reservation.js
FNF:0
FNH:0
DA:3,3
DA:30,3
LF:2
LH:2
BRF:0
BRH:0
end_of_record
TN:
SF:src/tests/data/Status.js
FNF:0
FNH:0
DA:3,3
DA:9,3
LF:2
LH:2
BRF:0
BRH:0
end_of_record
TN:
SF:src/tests/data/Store.js
FNF:0
FNH:0
DA:3,3
DA:11,3
LF:2
LH:2
BRF:0
BRH:0
end_of_record
TN:
SF:src/types/Reservation.js
FNF:0
FNH:0
DA:3,3
LF:1
LH:1
BRF:0
BRH:0
end_of_record
TN:
SF:src/types/Status.js
FNF:0
FNH:0
DA:3,3
LF:1
LH:1
BRF:0
BRH:0
end_of_record
TN:
SF:src/types/Store.js
FNF:0
FNH:0
DA:3,3
LF:1
LH:1
BRF:0
BRH:0
end_of_record
TN:
SF:src/types/actionType.js
FNF:0
FNH:0
DA:3,2
LF:1
LH:1
BRF:0
BRH:0
end_of_record
TN:
SF:src/utils/utils.js
FN:4,(anonymous_0)
FN:4,(anonymous_1)
FN:6,(anonymous_2)
FN:9,(anonymous_3)
FN:16,(anonymous_4)
FN:18,(anonymous_5)
FN:21,(anonymous_6)
FN:22,(anonymous_7)
FN:30,(anonymous_8)
FN:32,(anonymous_9)
FN:34,(anonymous_10)
FNF:11
FNH:9
FNDA:11,(anonymous_0)
FNDA:35,(anonymous_1)
FNDA:4,(anonymous_2)
FNDA:7,(anonymous_3)
FNDA:10,(anonymous_4)
FNDA:2,(anonymous_5)
FNDA:1,(anonymous_6)
FNDA:9,(anonymous_7)
FNDA:1,(anonymous_8)
FNDA:0,(anonymous_9)
FNDA:0,(anonymous_10)
DA:1,6
DA:4,35
DA:6,6
DA:7,4
DA:8,4
DA:9,4
DA:10,7
DA:12,4
DA:16,10
DA:18,6
DA:21,6
DA:22,1
DA:23,9
DA:27,1
DA:30,6
DA:32,6
DA:34,6
LF:17
LH:17
BRDA:4,0,0,11
BRDA:4,0,1,0
BRDA:8,1,0,3
BRDA:8,1,1,1
BRDA:16,2,0,10
BRDA:16,2,1,6
BRDA:16,2,2,4
BRDA:23,3,0,3
BRDA:23,3,1,6
BRDA:23,4,0,9
BRDA:23,4,1,8
BRDA:23,4,2,7
BRF:12
BRH:11
end_of_record
